<?xml version="1.0" encoding="UTF-8"?>
<testsuite xmlns:xsi="http://www.w3.org/2001/XMLSchema-instance" xsi:noNamespaceSchemaLocation="https://maven.apache.org/surefire/maven-surefire-plugin/xsd/surefire-test-report.xsd" name="com.kidzoo.toydetails.service.test.ToydetailsServiceTest" time="0.048" tests="6" errors="0" skipped="0" failures="0">
  <properties>
[...]
</properties>
  <testcase name="getToyDetailsByStatusAvailableTest" classname="com.kidzoo.toydetails.service.test.ToydetailsServiceTest" time="0.001"/>
  <testcase name="getToyDetailsByStatusOutOfStockTest" classname="com.kidzoo.toydetails.service.test.ToydetailsServiceTest" time="0.004"/>
  <testcase name="getToyDetailsBasedOnPriceRangeTest" classname="com.kidzoo.toydetails.service.test.ToydetailsServiceTest" time="0.013"/>
  <testcase name="getToyDetailsTest" classname="com.kidzoo.toydetails.service.test.ToydetailsServiceTest" time="0.005"/>
  <testcase name="getToyStatusByIdTest" classname="com.kidzoo.toydetails.service.test.ToydetailsServiceTest" time="0.009"/>
  <testcase name="getToyDetailsByStatusBackOrderTest" classname="com.kidzoo.toydetails.service.test.ToydetailsServiceTest" time="0.004"/>
</testsuite>